CRITICAL - 2022-06-06 11:32:29 --> Invalid file: .php
#0 C:\xampp\htdocs\prueba\system\View\View.php(198): CodeIgniter\Exceptions\FrameworkException::forInvalidFile('.php')
#1 C:\xampp\htdocs\prueba\system\Common.php(1089): CodeIgniter\View\View->render('', Array, true)
#2 C:\xampp\htdocs\prueba\app\Controllers\Empleados.php(60): view('', Array)
#3 C:\xampp\htdocs\prueba\system\CodeIgniter.php(832): App\Controllers\Empleados->evaluacion()
#4 C:\xampp\htdocs\prueba\system\CodeIgniter.php(419): CodeIgniter\CodeIgniter->runController(Object(App\Controllers\Empleados))
#5 C:\xampp\htdocs\prueba\system\CodeIgniter.php(326): CodeIgniter\CodeIgniter->handleRequest(NULL, Object(Config\Cache), false)
#6 C:\xampp\htdocs\prueba\public\index.php(37): CodeIgniter\CodeIgniter->run()
#7 {main}
CRITICAL - 2022-06-06 19:10:43 --> Undefined array key "nombre"
#0 C:\xampp\htdocs\prueba\app\Controllers\Empleados.php(38): CodeIgniter\Debug\Exceptions->errorHandler(2, 'Undefined array...', 'C:\\xampp\\htdocs...', 38)
#1 C:\xampp\htdocs\prueba\system\CodeIgniter.php(832): App\Controllers\Empleados->editar('3')
#2 C:\xampp\htdocs\prueba\system\CodeIgniter.php(419): CodeIgniter\CodeIgniter->runController(Object(App\Controllers\Empleados))
#3 C:\xampp\htdocs\prueba\system\CodeIgniter.php(326): CodeIgniter\CodeIgniter->handleRequest(NULL, Object(Config\Cache), false)
#4 C:\xampp\htdocs\prueba\public\index.php(37): CodeIgniter\CodeIgniter->run()
#5 {main}
CRITICAL - 2022-06-06 19:10:57 --> Undefined array key "nombre"
#0 C:\xampp\htdocs\prueba\app\Controllers\Empleados.php(38): CodeIgniter\Debug\Exceptions->errorHandler(2, 'Undefined array...', 'C:\\xampp\\htdocs...', 38)
#1 C:\xampp\htdocs\prueba\system\CodeIgniter.php(832): App\Controllers\Empleados->editar('3')
#2 C:\xampp\htdocs\prueba\system\CodeIgniter.php(419): CodeIgniter\CodeIgniter->runController(Object(App\Controllers\Empleados))
#3 C:\xampp\htdocs\prueba\system\CodeIgniter.php(326): CodeIgniter\CodeIgniter->handleRequest(NULL, Object(Config\Cache), false)
#4 C:\xampp\htdocs\prueba\public\index.php(37): CodeIgniter\CodeIgniter->run()
#5 {main}
CRITICAL - 2022-06-06 19:12:02 --> Undefined array key "nombre"
#0 C:\xampp\htdocs\prueba\app\Controllers\Empleados.php(38): CodeIgniter\Debug\Exceptions->errorHandler(2, 'Undefined array...', 'C:\\xampp\\htdocs...', 38)
#1 C:\xampp\htdocs\prueba\system\CodeIgniter.php(832): App\Controllers\Empleados->editar('3')
#2 C:\xampp\htdocs\prueba\system\CodeIgniter.php(419): CodeIgniter\CodeIgniter->runController(Object(App\Controllers\Empleados))
#3 C:\xampp\htdocs\prueba\system\CodeIgniter.php(326): CodeIgniter\CodeIgniter->handleRequest(NULL, Object(Config\Cache), false)
#4 C:\xampp\htdocs\prueba\public\index.php(37): CodeIgniter\CodeIgniter->run()
#5 {main}
CRITICAL - 2022-06-06 19:12:25 --> Undefined array key "nombre"
#0 C:\xampp\htdocs\prueba\app\Controllers\Empleados.php(38): CodeIgniter\Debug\Exceptions->errorHandler(2, 'Undefined array...', 'C:\\xampp\\htdocs...', 38)
#1 C:\xampp\htdocs\prueba\system\CodeIgniter.php(832): App\Controllers\Empleados->editar('3')
#2 C:\xampp\htdocs\prueba\system\CodeIgniter.php(419): CodeIgniter\CodeIgniter->runController(Object(App\Controllers\Empleados))
#3 C:\xampp\htdocs\prueba\system\CodeIgniter.php(326): CodeIgniter\CodeIgniter->handleRequest(NULL, Object(Config\Cache), false)
#4 C:\xampp\htdocs\prueba\public\index.php(37): CodeIgniter\CodeIgniter->run()
#5 {main}
CRITICAL - 2022-06-06 19:12:43 --> Undefined array key "nombre"
#0 C:\xampp\htdocs\prueba\app\Controllers\Empleados.php(38): CodeIgniter\Debug\Exceptions->errorHandler(2, 'Undefined array...', 'C:\\xampp\\htdocs...', 38)
#1 C:\xampp\htdocs\prueba\system\CodeIgniter.php(832): App\Controllers\Empleados->editar('3')
#2 C:\xampp\htdocs\prueba\system\CodeIgniter.php(419): CodeIgniter\CodeIgniter->runController(Object(App\Controllers\Empleados))
#3 C:\xampp\htdocs\prueba\system\CodeIgniter.php(326): CodeIgniter\CodeIgniter->handleRequest(NULL, Object(Config\Cache), false)
#4 C:\xampp\htdocs\prueba\public\index.php(37): CodeIgniter\CodeIgniter->run()
#5 {main}
CRITICAL - 2022-06-06 19:29:18 --> Undefined array key "idempleado"
#0 C:\xampp\htdocs\prueba\app\Controllers\Empleados.php(60): CodeIgniter\Debug\Exceptions->errorHandler(2, 'Undefined array...', 'C:\\xampp\\htdocs...', 60)
#1 C:\xampp\htdocs\prueba\system\CodeIgniter.php(832): App\Controllers\Empleados->evaluacion()
#2 C:\xampp\htdocs\prueba\system\CodeIgniter.php(419): CodeIgniter\CodeIgniter->runController(Object(App\Controllers\Empleados))
#3 C:\xampp\htdocs\prueba\system\CodeIgniter.php(326): CodeIgniter\CodeIgniter->handleRequest(NULL, Object(Config\Cache), false)
#4 C:\xampp\htdocs\prueba\public\index.php(37): CodeIgniter\CodeIgniter->run()
#5 {main}
CRITICAL - 2022-06-06 19:30:37 --> Undefined array key "idempleado"
#0 C:\xampp\htdocs\prueba\app\Views\page\nuevaEvaluacion.php(15): CodeIgniter\Debug\Exceptions->errorHandler(2, 'Undefined array...', 'C:\\xampp\\htdocs...', 15)
#1 C:\xampp\htdocs\prueba\system\View\View.php(210): include('C:\\xampp\\htdocs...')
#2 C:\xampp\htdocs\prueba\system\View\View.php(213): CodeIgniter\View\View->CodeIgniter\View\{closure}()
#3 C:\xampp\htdocs\prueba\system\Common.php(1089): CodeIgniter\View\View->render('page/nuevaEvalu...', Array, true)
#4 C:\xampp\htdocs\prueba\app\Controllers\Empleados.php(24): view('page/nuevaEvalu...', Array)
#5 C:\xampp\htdocs\prueba\system\CodeIgniter.php(832): App\Controllers\Empleados->nuevo()
#6 C:\xampp\htdocs\prueba\system\CodeIgniter.php(419): CodeIgniter\CodeIgniter->runController(Object(App\Controllers\Empleados))
#7 C:\xampp\htdocs\prueba\system\CodeIgniter.php(326): CodeIgniter\CodeIgniter->handleRequest(NULL, Object(Config\Cache), false)
#8 C:\xampp\htdocs\prueba\public\index.php(37): CodeIgniter\CodeIgniter->run()
#9 {main}
CRITICAL - 2022-06-06 19:30:42 --> Undefined array key "idempleado"
#0 C:\xampp\htdocs\prueba\app\Views\page\nuevaEvaluacion.php(15): CodeIgniter\Debug\Exceptions->errorHandler(2, 'Undefined array...', 'C:\\xampp\\htdocs...', 15)
#1 C:\xampp\htdocs\prueba\system\View\View.php(210): include('C:\\xampp\\htdocs...')
#2 C:\xampp\htdocs\prueba\system\View\View.php(213): CodeIgniter\View\View->CodeIgniter\View\{closure}()
#3 C:\xampp\htdocs\prueba\system\Common.php(1089): CodeIgniter\View\View->render('page/nuevaEvalu...', Array, true)
#4 C:\xampp\htdocs\prueba\app\Controllers\Empleados.php(24): view('page/nuevaEvalu...', Array)
#5 C:\xampp\htdocs\prueba\system\CodeIgniter.php(832): App\Controllers\Empleados->nuevo()
#6 C:\xampp\htdocs\prueba\system\CodeIgniter.php(419): CodeIgniter\CodeIgniter->runController(Object(App\Controllers\Empleados))
#7 C:\xampp\htdocs\prueba\system\CodeIgniter.php(326): CodeIgniter\CodeIgniter->handleRequest(NULL, Object(Config\Cache), false)
#8 C:\xampp\htdocs\prueba\public\index.php(37): CodeIgniter\CodeIgniter->run()
#9 {main}
CRITICAL - 2022-06-06 19:30:49 --> Undefined array key "idempleado"
#0 C:\xampp\htdocs\prueba\app\Views\page\nuevaEvaluacion.php(15): CodeIgniter\Debug\Exceptions->errorHandler(2, 'Undefined array...', 'C:\\xampp\\htdocs...', 15)
#1 C:\xampp\htdocs\prueba\system\View\View.php(210): include('C:\\xampp\\htdocs...')
#2 C:\xampp\htdocs\prueba\system\View\View.php(213): CodeIgniter\View\View->CodeIgniter\View\{closure}()
#3 C:\xampp\htdocs\prueba\system\Common.php(1089): CodeIgniter\View\View->render('page/nuevaEvalu...', Array, true)
#4 C:\xampp\htdocs\prueba\app\Controllers\Empleados.php(24): view('page/nuevaEvalu...', Array)
#5 C:\xampp\htdocs\prueba\system\CodeIgniter.php(832): App\Controllers\Empleados->nuevo()
#6 C:\xampp\htdocs\prueba\system\CodeIgniter.php(419): CodeIgniter\CodeIgniter->runController(Object(App\Controllers\Empleados))
#7 C:\xampp\htdocs\prueba\system\CodeIgniter.php(326): CodeIgniter\CodeIgniter->handleRequest(NULL, Object(Config\Cache), false)
#8 C:\xampp\htdocs\prueba\public\index.php(37): CodeIgniter\CodeIgniter->run()
#9 {main}
CRITICAL - 2022-06-06 19:31:39 --> Undefined array key "idempleado"
#0 C:\xampp\htdocs\prueba\app\Views\page\nuevaEvaluacion.php(13): CodeIgniter\Debug\Exceptions->errorHandler(2, 'Undefined array...', 'C:\\xampp\\htdocs...', 13)
#1 C:\xampp\htdocs\prueba\system\View\View.php(210): include('C:\\xampp\\htdocs...')
#2 C:\xampp\htdocs\prueba\system\View\View.php(213): CodeIgniter\View\View->CodeIgniter\View\{closure}()
#3 C:\xampp\htdocs\prueba\system\Common.php(1089): CodeIgniter\View\View->render('page/nuevaEvalu...', Array, true)
#4 C:\xampp\htdocs\prueba\app\Controllers\Empleados.php(24): view('page/nuevaEvalu...', Array)
#5 C:\xampp\htdocs\prueba\system\CodeIgniter.php(832): App\Controllers\Empleados->nuevo()
#6 C:\xampp\htdocs\prueba\system\CodeIgniter.php(419): CodeIgniter\CodeIgniter->runController(Object(App\Controllers\Empleados))
#7 C:\xampp\htdocs\prueba\system\CodeIgniter.php(326): CodeIgniter\CodeIgniter->handleRequest(NULL, Object(Config\Cache), false)
#8 C:\xampp\htdocs\prueba\public\index.php(37): CodeIgniter\CodeIgniter->run()
#9 {main}
CRITICAL - 2022-06-06 19:31:40 --> Undefined array key "idempleado"
#0 C:\xampp\htdocs\prueba\app\Views\page\nuevaEvaluacion.php(13): CodeIgniter\Debug\Exceptions->errorHandler(2, 'Undefined array...', 'C:\\xampp\\htdocs...', 13)
#1 C:\xampp\htdocs\prueba\system\View\View.php(210): include('C:\\xampp\\htdocs...')
#2 C:\xampp\htdocs\prueba\system\View\View.php(213): CodeIgniter\View\View->CodeIgniter\View\{closure}()
#3 C:\xampp\htdocs\prueba\system\Common.php(1089): CodeIgniter\View\View->render('page/nuevaEvalu...', Array, true)
#4 C:\xampp\htdocs\prueba\app\Controllers\Empleados.php(24): view('page/nuevaEvalu...', Array)
#5 C:\xampp\htdocs\prueba\system\CodeIgniter.php(832): App\Controllers\Empleados->nuevo()
#6 C:\xampp\htdocs\prueba\system\CodeIgniter.php(419): CodeIgniter\CodeIgniter->runController(Object(App\Controllers\Empleados))
#7 C:\xampp\htdocs\prueba\system\CodeIgniter.php(326): CodeIgniter\CodeIgniter->handleRequest(NULL, Object(Config\Cache), false)
#8 C:\xampp\htdocs\prueba\public\index.php(37): CodeIgniter\CodeIgniter->run()
#9 {main}
CRITICAL - 2022-06-06 19:31:41 --> Undefined array key "idempleado"
#0 C:\xampp\htdocs\prueba\app\Views\page\nuevaEvaluacion.php(13): CodeIgniter\Debug\Exceptions->errorHandler(2, 'Undefined array...', 'C:\\xampp\\htdocs...', 13)
#1 C:\xampp\htdocs\prueba\system\View\View.php(210): include('C:\\xampp\\htdocs...')
#2 C:\xampp\htdocs\prueba\system\View\View.php(213): CodeIgniter\View\View->CodeIgniter\View\{closure}()
#3 C:\xampp\htdocs\prueba\system\Common.php(1089): CodeIgniter\View\View->render('page/nuevaEvalu...', Array, true)
#4 C:\xampp\htdocs\prueba\app\Controllers\Empleados.php(24): view('page/nuevaEvalu...', Array)
#5 C:\xampp\htdocs\prueba\system\CodeIgniter.php(832): App\Controllers\Empleados->nuevo()
#6 C:\xampp\htdocs\prueba\system\CodeIgniter.php(419): CodeIgniter\CodeIgniter->runController(Object(App\Controllers\Empleados))
#7 C:\xampp\htdocs\prueba\system\CodeIgniter.php(326): CodeIgniter\CodeIgniter->handleRequest(NULL, Object(Config\Cache), false)
#8 C:\xampp\htdocs\prueba\public\index.php(37): CodeIgniter\CodeIgniter->run()
#9 {main}
CRITICAL - 2022-06-06 19:31:41 --> Undefined array key "idempleado"
#0 C:\xampp\htdocs\prueba\app\Views\page\nuevaEvaluacion.php(13): CodeIgniter\Debug\Exceptions->errorHandler(2, 'Undefined array...', 'C:\\xampp\\htdocs...', 13)
#1 C:\xampp\htdocs\prueba\system\View\View.php(210): include('C:\\xampp\\htdocs...')
#2 C:\xampp\htdocs\prueba\system\View\View.php(213): CodeIgniter\View\View->CodeIgniter\View\{closure}()
#3 C:\xampp\htdocs\prueba\system\Common.php(1089): CodeIgniter\View\View->render('page/nuevaEvalu...', Array, true)
#4 C:\xampp\htdocs\prueba\app\Controllers\Empleados.php(24): view('page/nuevaEvalu...', Array)
#5 C:\xampp\htdocs\prueba\system\CodeIgniter.php(832): App\Controllers\Empleados->nuevo()
#6 C:\xampp\htdocs\prueba\system\CodeIgniter.php(419): CodeIgniter\CodeIgniter->runController(Object(App\Controllers\Empleados))
#7 C:\xampp\htdocs\prueba\system\CodeIgniter.php(326): CodeIgniter\CodeIgniter->handleRequest(NULL, Object(Config\Cache), false)
#8 C:\xampp\htdocs\prueba\public\index.php(37): CodeIgniter\CodeIgniter->run()
#9 {main}
CRITICAL - 2022-06-06 19:31:42 --> Undefined array key "idempleado"
#0 C:\xampp\htdocs\prueba\app\Views\page\nuevaEvaluacion.php(13): CodeIgniter\Debug\Exceptions->errorHandler(2, 'Undefined array...', 'C:\\xampp\\htdocs...', 13)
#1 C:\xampp\htdocs\prueba\system\View\View.php(210): include('C:\\xampp\\htdocs...')
#2 C:\xampp\htdocs\prueba\system\View\View.php(213): CodeIgniter\View\View->CodeIgniter\View\{closure}()
#3 C:\xampp\htdocs\prueba\system\Common.php(1089): CodeIgniter\View\View->render('page/nuevaEvalu...', Array, true)
#4 C:\xampp\htdocs\prueba\app\Controllers\Empleados.php(24): view('page/nuevaEvalu...', Array)
#5 C:\xampp\htdocs\prueba\system\CodeIgniter.php(832): App\Controllers\Empleados->nuevo()
#6 C:\xampp\htdocs\prueba\system\CodeIgniter.php(419): CodeIgniter\CodeIgniter->runController(Object(App\Controllers\Empleados))
#7 C:\xampp\htdocs\prueba\system\CodeIgniter.php(326): CodeIgniter\CodeIgniter->handleRequest(NULL, Object(Config\Cache), false)
#8 C:\xampp\htdocs\prueba\public\index.php(37): CodeIgniter\CodeIgniter->run()
#9 {main}
CRITICAL - 2022-06-06 19:31:42 --> Undefined array key "idempleado"
#0 C:\xampp\htdocs\prueba\app\Views\page\nuevaEvaluacion.php(13): CodeIgniter\Debug\Exceptions->errorHandler(2, 'Undefined array...', 'C:\\xampp\\htdocs...', 13)
#1 C:\xampp\htdocs\prueba\system\View\View.php(210): include('C:\\xampp\\htdocs...')
#2 C:\xampp\htdocs\prueba\system\View\View.php(213): CodeIgniter\View\View->CodeIgniter\View\{closure}()
#3 C:\xampp\htdocs\prueba\system\Common.php(1089): CodeIgniter\View\View->render('page/nuevaEvalu...', Array, true)
#4 C:\xampp\htdocs\prueba\app\Controllers\Empleados.php(24): view('page/nuevaEvalu...', Array)
#5 C:\xampp\htdocs\prueba\system\CodeIgniter.php(832): App\Controllers\Empleados->nuevo()
#6 C:\xampp\htdocs\prueba\system\CodeIgniter.php(419): CodeIgniter\CodeIgniter->runController(Object(App\Controllers\Empleados))
#7 C:\xampp\htdocs\prueba\system\CodeIgniter.php(326): CodeIgniter\CodeIgniter->handleRequest(NULL, Object(Config\Cache), false)
#8 C:\xampp\htdocs\prueba\public\index.php(37): CodeIgniter\CodeIgniter->run()
#9 {main}
CRITICAL - 2022-06-06 19:31:43 --> Undefined array key "idempleado"
#0 C:\xampp\htdocs\prueba\app\Views\page\nuevaEvaluacion.php(13): CodeIgniter\Debug\Exceptions->errorHandler(2, 'Undefined array...', 'C:\\xampp\\htdocs...', 13)
#1 C:\xampp\htdocs\prueba\system\View\View.php(210): include('C:\\xampp\\htdocs...')
#2 C:\xampp\htdocs\prueba\system\View\View.php(213): CodeIgniter\View\View->CodeIgniter\View\{closure}()
#3 C:\xampp\htdocs\prueba\system\Common.php(1089): CodeIgniter\View\View->render('page/nuevaEvalu...', Array, true)
#4 C:\xampp\htdocs\prueba\app\Controllers\Empleados.php(24): view('page/nuevaEvalu...', Array)
#5 C:\xampp\htdocs\prueba\system\CodeIgniter.php(832): App\Controllers\Empleados->nuevo()
#6 C:\xampp\htdocs\prueba\system\CodeIgniter.php(419): CodeIgniter\CodeIgniter->runController(Object(App\Controllers\Empleados))
#7 C:\xampp\htdocs\prueba\system\CodeIgniter.php(326): CodeIgniter\CodeIgniter->handleRequest(NULL, Object(Config\Cache), false)
#8 C:\xampp\htdocs\prueba\public\index.php(37): CodeIgniter\CodeIgniter->run()
#9 {main}
CRITICAL - 2022-06-06 19:34:23 --> Undefined array key "idempleado"
#0 C:\xampp\htdocs\prueba\app\Controllers\Empleados.php(60): CodeIgniter\Debug\Exceptions->errorHandler(2, 'Undefined array...', 'C:\\xampp\\htdocs...', 60)
#1 C:\xampp\htdocs\prueba\system\CodeIgniter.php(832): App\Controllers\Empleados->evaluacion()
#2 C:\xampp\htdocs\prueba\system\CodeIgniter.php(419): CodeIgniter\CodeIgniter->runController(Object(App\Controllers\Empleados))
#3 C:\xampp\htdocs\prueba\system\CodeIgniter.php(326): CodeIgniter\CodeIgniter->handleRequest(NULL, Object(Config\Cache), false)
#4 C:\xampp\htdocs\prueba\public\index.php(37): CodeIgniter\CodeIgniter->run()
#5 {main}
CRITICAL - 2022-06-06 19:38:20 --> Undefined array key "idempleado"
#0 C:\xampp\htdocs\prueba\app\Controllers\Empleados.php(60): CodeIgniter\Debug\Exceptions->errorHandler(2, 'Undefined array...', 'C:\\xampp\\htdocs...', 60)
#1 C:\xampp\htdocs\prueba\system\CodeIgniter.php(832): App\Controllers\Empleados->evaluacion()
#2 C:\xampp\htdocs\prueba\system\CodeIgniter.php(419): CodeIgniter\CodeIgniter->runController(Object(App\Controllers\Empleados))
#3 C:\xampp\htdocs\prueba\system\CodeIgniter.php(326): CodeIgniter\CodeIgniter->handleRequest(NULL, Object(Config\Cache), false)
#4 C:\xampp\htdocs\prueba\public\index.php(37): CodeIgniter\CodeIgniter->run()
#5 {main}
CRITICAL - 2022-06-06 19:42:02 --> Undefined array key "idempleado"
#0 C:\xampp\htdocs\prueba\app\Views\page\nuevaEvaluacion.php(13): CodeIgniter\Debug\Exceptions->errorHandler(2, 'Undefined array...', 'C:\\xampp\\htdocs...', 13)
#1 C:\xampp\htdocs\prueba\system\View\View.php(210): include('C:\\xampp\\htdocs...')
#2 C:\xampp\htdocs\prueba\system\View\View.php(213): CodeIgniter\View\View->CodeIgniter\View\{closure}()
#3 C:\xampp\htdocs\prueba\system\Common.php(1089): CodeIgniter\View\View->render('page/nuevaEvalu...', Array, true)
#4 C:\xampp\htdocs\prueba\app\Controllers\Empleados.php(24): view('page/nuevaEvalu...', Array)
#5 C:\xampp\htdocs\prueba\system\CodeIgniter.php(832): App\Controllers\Empleados->nuevo()
#6 C:\xampp\htdocs\prueba\system\CodeIgniter.php(419): CodeIgniter\CodeIgniter->runController(Object(App\Controllers\Empleados))
#7 C:\xampp\htdocs\prueba\system\CodeIgniter.php(326): CodeIgniter\CodeIgniter->handleRequest(NULL, Object(Config\Cache), false)
#8 C:\xampp\htdocs\prueba\public\index.php(37): CodeIgniter\CodeIgniter->run()
#9 {main}
CRITICAL - 2022-06-06 19:42:06 --> Undefined array key "idempleado"
#0 C:\xampp\htdocs\prueba\app\Views\page\nuevaEvaluacion.php(13): CodeIgniter\Debug\Exceptions->errorHandler(2, 'Undefined array...', 'C:\\xampp\\htdocs...', 13)
#1 C:\xampp\htdocs\prueba\system\View\View.php(210): include('C:\\xampp\\htdocs...')
#2 C:\xampp\htdocs\prueba\system\View\View.php(213): CodeIgniter\View\View->CodeIgniter\View\{closure}()
#3 C:\xampp\htdocs\prueba\system\Common.php(1089): CodeIgniter\View\View->render('page/nuevaEvalu...', Array, true)
#4 C:\xampp\htdocs\prueba\app\Controllers\Empleados.php(24): view('page/nuevaEvalu...', Array)
#5 C:\xampp\htdocs\prueba\system\CodeIgniter.php(832): App\Controllers\Empleados->nuevo()
#6 C:\xampp\htdocs\prueba\system\CodeIgniter.php(419): CodeIgniter\CodeIgniter->runController(Object(App\Controllers\Empleados))
#7 C:\xampp\htdocs\prueba\system\CodeIgniter.php(326): CodeIgniter\CodeIgniter->handleRequest(NULL, Object(Config\Cache), false)
#8 C:\xampp\htdocs\prueba\public\index.php(37): CodeIgniter\CodeIgniter->run()
#9 {main}
CRITICAL - 2022-06-06 19:48:00 --> Undefined array key "select"
#0 C:\xampp\htdocs\prueba\app\Controllers\Empleados.php(61): CodeIgniter\Debug\Exceptions->errorHandler(2, 'Undefined array...', 'C:\\xampp\\htdocs...', 61)
#1 C:\xampp\htdocs\prueba\system\CodeIgniter.php(832): App\Controllers\Empleados->evaluacion()
#2 C:\xampp\htdocs\prueba\system\CodeIgniter.php(419): CodeIgniter\CodeIgniter->runController(Object(App\Controllers\Empleados))
#3 C:\xampp\htdocs\prueba\system\CodeIgniter.php(326): CodeIgniter\CodeIgniter->handleRequest(NULL, Object(Config\Cache), false)
#4 C:\xampp\htdocs\prueba\public\index.php(37): CodeIgniter\CodeIgniter->run()
#5 {main}
CRITICAL - 2022-06-06 19:50:35 --> Undefined array key "Select"
#0 C:\xampp\htdocs\prueba\app\Controllers\Empleados.php(61): CodeIgniter\Debug\Exceptions->errorHandler(2, 'Undefined array...', 'C:\\xampp\\htdocs...', 61)
#1 C:\xampp\htdocs\prueba\system\CodeIgniter.php(832): App\Controllers\Empleados->evaluacion()
#2 C:\xampp\htdocs\prueba\system\CodeIgniter.php(419): CodeIgniter\CodeIgniter->runController(Object(App\Controllers\Empleados))
#3 C:\xampp\htdocs\prueba\system\CodeIgniter.php(326): CodeIgniter\CodeIgniter->handleRequest(NULL, Object(Config\Cache), false)
#4 C:\xampp\htdocs\prueba\public\index.php(37): CodeIgniter\CodeIgniter->run()
#5 {main}
CRITICAL - 2022-06-06 19:52:15 --> Undefined array key "selected"
#0 C:\xampp\htdocs\prueba\app\Controllers\Empleados.php(61): CodeIgniter\Debug\Exceptions->errorHandler(2, 'Undefined array...', 'C:\\xampp\\htdocs...', 61)
#1 C:\xampp\htdocs\prueba\system\CodeIgniter.php(832): App\Controllers\Empleados->evaluacion()
#2 C:\xampp\htdocs\prueba\system\CodeIgniter.php(419): CodeIgniter\CodeIgniter->runController(Object(App\Controllers\Empleados))
#3 C:\xampp\htdocs\prueba\system\CodeIgniter.php(326): CodeIgniter\CodeIgniter->handleRequest(NULL, Object(Config\Cache), false)
#4 C:\xampp\htdocs\prueba\public\index.php(37): CodeIgniter\CodeIgniter->run()
#5 {main}
CRITICAL - 2022-06-06 19:52:37 --> Undefined array key "Select"
#0 C:\xampp\htdocs\prueba\app\Controllers\Empleados.php(61): CodeIgniter\Debug\Exceptions->errorHandler(2, 'Undefined array...', 'C:\\xampp\\htdocs...', 61)
#1 C:\xampp\htdocs\prueba\system\CodeIgniter.php(832): App\Controllers\Empleados->evaluacion()
#2 C:\xampp\htdocs\prueba\system\CodeIgniter.php(419): CodeIgniter\CodeIgniter->runController(Object(App\Controllers\Empleados))
#3 C:\xampp\htdocs\prueba\system\CodeIgniter.php(326): CodeIgniter\CodeIgniter->handleRequest(NULL, Object(Config\Cache), false)
#4 C:\xampp\htdocs\prueba\public\index.php(37): CodeIgniter\CodeIgniter->run()
#5 {main}
CRITICAL - 2022-06-06 19:52:40 --> Undefined array key "Select"
#0 C:\xampp\htdocs\prueba\app\Controllers\Empleados.php(61): CodeIgniter\Debug\Exceptions->errorHandler(2, 'Undefined array...', 'C:\\xampp\\htdocs...', 61)
#1 C:\xampp\htdocs\prueba\system\CodeIgniter.php(832): App\Controllers\Empleados->evaluacion()
#2 C:\xampp\htdocs\prueba\system\CodeIgniter.php(419): CodeIgniter\CodeIgniter->runController(Object(App\Controllers\Empleados))
#3 C:\xampp\htdocs\prueba\system\CodeIgniter.php(326): CodeIgniter\CodeIgniter->handleRequest(NULL, Object(Config\Cache), false)
#4 C:\xampp\htdocs\prueba\public\index.php(37): CodeIgniter\CodeIgniter->run()
#5 {main}
CRITICAL - 2022-06-06 19:52:46 --> Undefined array key "Select"
#0 C:\xampp\htdocs\prueba\app\Controllers\Empleados.php(61): CodeIgniter\Debug\Exceptions->errorHandler(2, 'Undefined array...', 'C:\\xampp\\htdocs...', 61)
#1 C:\xampp\htdocs\prueba\system\CodeIgniter.php(832): App\Controllers\Empleados->evaluacion()
#2 C:\xampp\htdocs\prueba\system\CodeIgniter.php(419): CodeIgniter\CodeIgniter->runController(Object(App\Controllers\Empleados))
#3 C:\xampp\htdocs\prueba\system\CodeIgniter.php(326): CodeIgniter\CodeIgniter->handleRequest(NULL, Object(Config\Cache), false)
#4 C:\xampp\htdocs\prueba\public\index.php(37): CodeIgniter\CodeIgniter->run()
#5 {main}
CRITICAL - 2022-06-06 19:56:21 --> Undefined variable $datos
#0 C:\xampp\htdocs\prueba\app\Views\page\evaluacion.php(3): CodeIgniter\Debug\Exceptions->errorHandler(2, 'Undefined varia...', 'C:\\xampp\\htdocs...', 3)
#1 C:\xampp\htdocs\prueba\system\View\View.php(210): include('C:\\xampp\\htdocs...')
#2 C:\xampp\htdocs\prueba\system\View\View.php(213): CodeIgniter\View\View->CodeIgniter\View\{closure}()
#3 C:\xampp\htdocs\prueba\system\Common.php(1089): CodeIgniter\View\View->render('page/evaluacion', Array, true)
#4 C:\xampp\htdocs\prueba\app\Controllers\Empleados.php(65): view('page/evaluacion', Array)
#5 C:\xampp\htdocs\prueba\system\CodeIgniter.php(832): App\Controllers\Empleados->evaluacion()
#6 C:\xampp\htdocs\prueba\system\CodeIgniter.php(419): CodeIgniter\CodeIgniter->runController(Object(App\Controllers\Empleados))
#7 C:\xampp\htdocs\prueba\system\CodeIgniter.php(326): CodeIgniter\CodeIgniter->handleRequest(NULL, Object(Config\Cache), false)
#8 C:\xampp\htdocs\prueba\public\index.php(37): CodeIgniter\CodeIgniter->run()
#9 {main}
CRITICAL - 2022-06-06 19:57:18 --> Undefined variable $datos
#0 C:\xampp\htdocs\prueba\app\Views\page\evaluacion.php(3): CodeIgniter\Debug\Exceptions->errorHandler(2, 'Undefined varia...', 'C:\\xampp\\htdocs...', 3)
#1 C:\xampp\htdocs\prueba\system\View\View.php(210): include('C:\\xampp\\htdocs...')
#2 C:\xampp\htdocs\prueba\system\View\View.php(213): CodeIgniter\View\View->CodeIgniter\View\{closure}()
#3 C:\xampp\htdocs\prueba\system\Common.php(1089): CodeIgniter\View\View->render('page/evaluacion', Array, true)
#4 C:\xampp\htdocs\prueba\app\Controllers\Empleados.php(66): view('page/evaluacion', Array)
#5 C:\xampp\htdocs\prueba\system\CodeIgniter.php(832): App\Controllers\Empleados->evaluacion()
#6 C:\xampp\htdocs\prueba\system\CodeIgniter.php(419): CodeIgniter\CodeIgniter->runController(Object(App\Controllers\Empleados))
#7 C:\xampp\htdocs\prueba\system\CodeIgniter.php(326): CodeIgniter\CodeIgniter->handleRequest(NULL, Object(Config\Cache), false)
#8 C:\xampp\htdocs\prueba\public\index.php(37): CodeIgniter\CodeIgniter->run()
#9 {main}
CRITICAL - 2022-06-06 20:00:15 --> Undefined variable $datos
#0 C:\xampp\htdocs\prueba\app\Views\page\evaluacion.php(3): CodeIgniter\Debug\Exceptions->errorHandler(2, 'Undefined varia...', 'C:\\xampp\\htdocs...', 3)
#1 C:\xampp\htdocs\prueba\system\View\View.php(210): include('C:\\xampp\\htdocs...')
#2 C:\xampp\htdocs\prueba\system\View\View.php(213): CodeIgniter\View\View->CodeIgniter\View\{closure}()
#3 C:\xampp\htdocs\prueba\system\Common.php(1089): CodeIgniter\View\View->render('page/evaluacion', Array, true)
#4 C:\xampp\htdocs\prueba\app\Controllers\Empleados.php(66): view('page/evaluacion', Array)
#5 C:\xampp\htdocs\prueba\system\CodeIgniter.php(832): App\Controllers\Empleados->evaluacion()
#6 C:\xampp\htdocs\prueba\system\CodeIgniter.php(419): CodeIgniter\CodeIgniter->runController(Object(App\Controllers\Empleados))
#7 C:\xampp\htdocs\prueba\system\CodeIgniter.php(326): CodeIgniter\CodeIgniter->handleRequest(NULL, Object(Config\Cache), false)
#8 C:\xampp\htdocs\prueba\public\index.php(37): CodeIgniter\CodeIgniter->run()
#9 {main}
CRITICAL - 2022-06-06 20:02:17 --> Undefined array key 0
#0 C:\xampp\htdocs\prueba\app\Views\page\evaluacion.php(4): CodeIgniter\Debug\Exceptions->errorHandler(2, 'Undefined array...', 'C:\\xampp\\htdocs...', 4)
#1 C:\xampp\htdocs\prueba\system\View\View.php(210): include('C:\\xampp\\htdocs...')
#2 C:\xampp\htdocs\prueba\system\View\View.php(213): CodeIgniter\View\View->CodeIgniter\View\{closure}()
#3 C:\xampp\htdocs\prueba\system\Common.php(1089): CodeIgniter\View\View->render('page/evaluacion', Array, true)
#4 C:\xampp\htdocs\prueba\app\Controllers\Empleados.php(66): view('page/evaluacion', Array)
#5 C:\xampp\htdocs\prueba\system\CodeIgniter.php(832): App\Controllers\Empleados->evaluacion()
#6 C:\xampp\htdocs\prueba\system\CodeIgniter.php(419): CodeIgniter\CodeIgniter->runController(Object(App\Controllers\Empleados))
#7 C:\xampp\htdocs\prueba\system\CodeIgniter.php(326): CodeIgniter\CodeIgniter->handleRequest(NULL, Object(Config\Cache), false)
#8 C:\xampp\htdocs\prueba\public\index.php(37): CodeIgniter\CodeIgniter->run()
#9 {main}
CRITICAL - 2022-06-06 20:04:31 --> print_r() expects at most 2 arguments, 3 given
#0 C:\xampp\htdocs\prueba\app\Views\page\evaluacion.php(4): print_r('Juan Ernesto L\xC3...', '2022-06-02', '2022-06-02')
#1 C:\xampp\htdocs\prueba\system\View\View.php(210): include('C:\\xampp\\htdocs...')
#2 C:\xampp\htdocs\prueba\system\View\View.php(213): CodeIgniter\View\View->CodeIgniter\View\{closure}()
#3 C:\xampp\htdocs\prueba\system\Common.php(1089): CodeIgniter\View\View->render('page/evaluacion', Array, true)
#4 C:\xampp\htdocs\prueba\app\Controllers\Empleados.php(66): view('page/evaluacion', Array)
#5 C:\xampp\htdocs\prueba\system\CodeIgniter.php(832): App\Controllers\Empleados->evaluacion()
#6 C:\xampp\htdocs\prueba\system\CodeIgniter.php(419): CodeIgniter\CodeIgniter->runController(Object(App\Controllers\Empleados))
#7 C:\xampp\htdocs\prueba\system\CodeIgniter.php(326): CodeIgniter\CodeIgniter->handleRequest(NULL, Object(Config\Cache), false)
#8 C:\xampp\htdocs\prueba\public\index.php(37): CodeIgniter\CodeIgniter->run()
#9 {main}
CRITICAL - 2022-06-06 20:44:43 --> Undefined array key "idempleado"
#0 C:\xampp\htdocs\prueba\app\Controllers\Empleados.php(70): CodeIgniter\Debug\Exceptions->errorHandler(2, 'Undefined array...', 'C:\\xampp\\htdocs...', 70)
#1 C:\xampp\htdocs\prueba\system\CodeIgniter.php(832): App\Controllers\Empleados->evaluacion()
#2 C:\xampp\htdocs\prueba\system\CodeIgniter.php(419): CodeIgniter\CodeIgniter->runController(Object(App\Controllers\Empleados))
#3 C:\xampp\htdocs\prueba\system\CodeIgniter.php(326): CodeIgniter\CodeIgniter->handleRequest(NULL, Object(Config\Cache), false)
#4 C:\xampp\htdocs\prueba\public\index.php(37): CodeIgniter\CodeIgniter->run()
#5 {main}
CRITICAL - 2022-06-06 20:44:49 --> Undefined array key "idempleado"
#0 C:\xampp\htdocs\prueba\app\Controllers\Empleados.php(70): CodeIgniter\Debug\Exceptions->errorHandler(2, 'Undefined array...', 'C:\\xampp\\htdocs...', 70)
#1 C:\xampp\htdocs\prueba\system\CodeIgniter.php(832): App\Controllers\Empleados->evaluacion()
#2 C:\xampp\htdocs\prueba\system\CodeIgniter.php(419): CodeIgniter\CodeIgniter->runController(Object(App\Controllers\Empleados))
#3 C:\xampp\htdocs\prueba\system\CodeIgniter.php(326): CodeIgniter\CodeIgniter->handleRequest(NULL, Object(Config\Cache), false)
#4 C:\xampp\htdocs\prueba\public\index.php(37): CodeIgniter\CodeIgniter->run()
#5 {main}
CRITICAL - 2022-06-06 20:46:46 --> Array to string conversion
#0 C:\xampp\htdocs\prueba\app\Views\page\evaluacion.php(2): CodeIgniter\Debug\Exceptions->errorHandler(2, 'Array to string...', 'C:\\xampp\\htdocs...', 2)
#1 C:\xampp\htdocs\prueba\system\View\View.php(210): include('C:\\xampp\\htdocs...')
#2 C:\xampp\htdocs\prueba\system\View\View.php(213): CodeIgniter\View\View->CodeIgniter\View\{closure}()
#3 C:\xampp\htdocs\prueba\system\Common.php(1089): CodeIgniter\View\View->render('page/evaluacion', Array, true)
#4 C:\xampp\htdocs\prueba\app\Controllers\Empleados.php(79): view('page/evaluacion', Array)
#5 C:\xampp\htdocs\prueba\system\CodeIgniter.php(832): App\Controllers\Empleados->evaluacion()
#6 C:\xampp\htdocs\prueba\system\CodeIgniter.php(419): CodeIgniter\CodeIgniter->runController(Object(App\Controllers\Empleados))
#7 C:\xampp\htdocs\prueba\system\CodeIgniter.php(326): CodeIgniter\CodeIgniter->handleRequest(NULL, Object(Config\Cache), false)
#8 C:\xampp\htdocs\prueba\public\index.php(37): CodeIgniter\CodeIgniter->run()
#9 {main}
CRITICAL - 2022-06-06 20:48:33 --> Array to string conversion
#0 C:\xampp\htdocs\prueba\app\Views\page\evaluacion.php(42): CodeIgniter\Debug\Exceptions->errorHandler(2, 'Array to string...', 'C:\\xampp\\htdocs...', 42)
#1 C:\xampp\htdocs\prueba\system\View\View.php(210): include('C:\\xampp\\htdocs...')
#2 C:\xampp\htdocs\prueba\system\View\View.php(213): CodeIgniter\View\View->CodeIgniter\View\{closure}()
#3 C:\xampp\htdocs\prueba\system\Common.php(1089): CodeIgniter\View\View->render('page/evaluacion', Array, true)
#4 C:\xampp\htdocs\prueba\app\Controllers\Empleados.php(79): view('page/evaluacion', Array)
#5 C:\xampp\htdocs\prueba\system\CodeIgniter.php(832): App\Controllers\Empleados->evaluacion()
#6 C:\xampp\htdocs\prueba\system\CodeIgniter.php(419): CodeIgniter\CodeIgniter->runController(Object(App\Controllers\Empleados))
#7 C:\xampp\htdocs\prueba\system\CodeIgniter.php(326): CodeIgniter\CodeIgniter->handleRequest(NULL, Object(Config\Cache), false)
#8 C:\xampp\htdocs\prueba\public\index.php(37): CodeIgniter\CodeIgniter->run()
#9 {main}
CRITICAL - 2022-06-06 20:48:54 --> Array to string conversion
#0 C:\xampp\htdocs\prueba\app\Views\page\evaluacion.php(42): CodeIgniter\Debug\Exceptions->errorHandler(2, 'Array to string...', 'C:\\xampp\\htdocs...', 42)
#1 C:\xampp\htdocs\prueba\system\View\View.php(210): include('C:\\xampp\\htdocs...')
#2 C:\xampp\htdocs\prueba\system\View\View.php(213): CodeIgniter\View\View->CodeIgniter\View\{closure}()
#3 C:\xampp\htdocs\prueba\system\Common.php(1089): CodeIgniter\View\View->render('page/evaluacion', Array, true)
#4 C:\xampp\htdocs\prueba\app\Controllers\Empleados.php(79): view('page/evaluacion', Array)
#5 C:\xampp\htdocs\prueba\system\CodeIgniter.php(832): App\Controllers\Empleados->evaluacion()
#6 C:\xampp\htdocs\prueba\system\CodeIgniter.php(419): CodeIgniter\CodeIgniter->runController(Object(App\Controllers\Empleados))
#7 C:\xampp\htdocs\prueba\system\CodeIgniter.php(326): CodeIgniter\CodeIgniter->handleRequest(NULL, Object(Config\Cache), false)
#8 C:\xampp\htdocs\prueba\public\index.php(37): CodeIgniter\CodeIgniter->run()
#9 {main}
CRITICAL - 2022-06-06 20:51:44 --> Cannot access offset of type string on string
#0 C:\xampp\htdocs\prueba\system\View\View.php(210): include()
#1 C:\xampp\htdocs\prueba\system\View\View.php(213): CodeIgniter\View\View->CodeIgniter\View\{closure}()
#2 C:\xampp\htdocs\prueba\system\Common.php(1089): CodeIgniter\View\View->render('page/evaluacion', Array, true)
#3 C:\xampp\htdocs\prueba\app\Controllers\Empleados.php(79): view('page/evaluacion', Array)
#4 C:\xampp\htdocs\prueba\system\CodeIgniter.php(832): App\Controllers\Empleados->evaluacion()
#5 C:\xampp\htdocs\prueba\system\CodeIgniter.php(419): CodeIgniter\CodeIgniter->runController(Object(App\Controllers\Empleados))
#6 C:\xampp\htdocs\prueba\system\CodeIgniter.php(326): CodeIgniter\CodeIgniter->handleRequest(NULL, Object(Config\Cache), false)
#7 C:\xampp\htdocs\prueba\public\index.php(37): CodeIgniter\CodeIgniter->run()
#8 {main}
CRITICAL - 2022-06-06 20:54:18 --> Cannot access offset of type string on string
#0 C:\xampp\htdocs\prueba\system\View\View.php(210): include()
#1 C:\xampp\htdocs\prueba\system\View\View.php(213): CodeIgniter\View\View->CodeIgniter\View\{closure}()
#2 C:\xampp\htdocs\prueba\system\Common.php(1089): CodeIgniter\View\View->render('page/evaluacion', Array, true)
#3 C:\xampp\htdocs\prueba\app\Controllers\Empleados.php(79): view('page/evaluacion', Array)
#4 C:\xampp\htdocs\prueba\system\CodeIgniter.php(832): App\Controllers\Empleados->evaluacion()
#5 C:\xampp\htdocs\prueba\system\CodeIgniter.php(419): CodeIgniter\CodeIgniter->runController(Object(App\Controllers\Empleados))
#6 C:\xampp\htdocs\prueba\system\CodeIgniter.php(326): CodeIgniter\CodeIgniter->handleRequest(NULL, Object(Config\Cache), false)
#7 C:\xampp\htdocs\prueba\public\index.php(37): CodeIgniter\CodeIgniter->run()
#8 {main}
CRITICAL - 2022-06-06 20:56:21 --> Undefined array key 0
#0 C:\xampp\htdocs\prueba\app\Controllers\Empleados.php(70): CodeIgniter\Debug\Exceptions->errorHandler(2, 'Undefined array...', 'C:\\xampp\\htdocs...', 70)
#1 C:\xampp\htdocs\prueba\system\CodeIgniter.php(832): App\Controllers\Empleados->evaluacion()
#2 C:\xampp\htdocs\prueba\system\CodeIgniter.php(419): CodeIgniter\CodeIgniter->runController(Object(App\Controllers\Empleados))
#3 C:\xampp\htdocs\prueba\system\CodeIgniter.php(326): CodeIgniter\CodeIgniter->handleRequest(NULL, Object(Config\Cache), false)
#4 C:\xampp\htdocs\prueba\public\index.php(37): CodeIgniter\CodeIgniter->run()
#5 {main}
CRITICAL - 2022-06-06 20:57:05 --> Undefined array key 1
#0 C:\xampp\htdocs\prueba\app\Controllers\Empleados.php(70): CodeIgniter\Debug\Exceptions->errorHandler(2, 'Undefined array...', 'C:\\xampp\\htdocs...', 70)
#1 C:\xampp\htdocs\prueba\system\CodeIgniter.php(832): App\Controllers\Empleados->evaluacion()
#2 C:\xampp\htdocs\prueba\system\CodeIgniter.php(419): CodeIgniter\CodeIgniter->runController(Object(App\Controllers\Empleados))
#3 C:\xampp\htdocs\prueba\system\CodeIgniter.php(326): CodeIgniter\CodeIgniter->handleRequest(NULL, Object(Config\Cache), false)
#4 C:\xampp\htdocs\prueba\public\index.php(37): CodeIgniter\CodeIgniter->run()
#5 {main}
CRITICAL - 2022-06-06 20:57:29 --> foreach() argument must be of type array|object, string given
#0 C:\xampp\htdocs\prueba\app\Views\page\evaluacion.php(2): CodeIgniter\Debug\Exceptions->errorHandler(2, 'foreach() argum...', 'C:\\xampp\\htdocs...', 2)
#1 C:\xampp\htdocs\prueba\system\View\View.php(210): include('C:\\xampp\\htdocs...')
#2 C:\xampp\htdocs\prueba\system\View\View.php(213): CodeIgniter\View\View->CodeIgniter\View\{closure}()
#3 C:\xampp\htdocs\prueba\system\Common.php(1089): CodeIgniter\View\View->render('page/evaluacion', Array, true)
#4 C:\xampp\htdocs\prueba\app\Controllers\Empleados.php(79): view('page/evaluacion', Array)
#5 C:\xampp\htdocs\prueba\system\CodeIgniter.php(832): App\Controllers\Empleados->evaluacion()
#6 C:\xampp\htdocs\prueba\system\CodeIgniter.php(419): CodeIgniter\CodeIgniter->runController(Object(App\Controllers\Empleados))
#7 C:\xampp\htdocs\prueba\system\CodeIgniter.php(326): CodeIgniter\CodeIgniter->handleRequest(NULL, Object(Config\Cache), false)
#8 C:\xampp\htdocs\prueba\public\index.php(37): CodeIgniter\CodeIgniter->run()
#9 {main}
CRITICAL - 2022-06-06 21:10:15 --> Undefined array key "pantalon"
#0 C:\xampp\htdocs\prueba\app\Controllers\Empleados.php(51): CodeIgniter\Debug\Exceptions->errorHandler(2, 'Undefined array...', 'C:\\xampp\\htdocs...', 51)
#1 C:\xampp\htdocs\prueba\system\CodeIgniter.php(832): App\Controllers\Empleados->asistencia()
#2 C:\xampp\htdocs\prueba\system\CodeIgniter.php(419): CodeIgniter\CodeIgniter->runController(Object(App\Controllers\Empleados))
#3 C:\xampp\htdocs\prueba\system\CodeIgniter.php(326): CodeIgniter\CodeIgniter->handleRequest(NULL, Object(Config\Cache), false)
#4 C:\xampp\htdocs\prueba\public\index.php(37): CodeIgniter\CodeIgniter->run()
#5 {main}
CRITICAL - 2022-06-06 21:12:46 --> Undefined array key "unas"
#0 C:\xampp\htdocs\prueba\app\Controllers\Empleados.php(52): CodeIgniter\Debug\Exceptions->errorHandler(2, 'Undefined array...', 'C:\\xampp\\htdocs...', 52)
#1 C:\xampp\htdocs\prueba\system\CodeIgniter.php(832): App\Controllers\Empleados->asistencia()
#2 C:\xampp\htdocs\prueba\system\CodeIgniter.php(419): CodeIgniter\CodeIgniter->runController(Object(App\Controllers\Empleados))
#3 C:\xampp\htdocs\prueba\system\CodeIgniter.php(326): CodeIgniter\CodeIgniter->handleRequest(NULL, Object(Config\Cache), false)
#4 C:\xampp\htdocs\prueba\public\index.php(37): CodeIgniter\CodeIgniter->run()
#5 {main}
CRITICAL - 2022-06-06 23:21:13 --> Allowed fields must be specified for model: App\Models\Evaluacion
#0 C:\xampp\htdocs\prueba\system\BaseModel.php(1138): CodeIgniter\Database\Exceptions\DataException::forInvalidAllowedFields('App\\Models\\Eval...')
#1 C:\xampp\htdocs\prueba\system\BaseModel.php(713): CodeIgniter\BaseModel->doProtectFields(Array)
#2 C:\xampp\htdocs\prueba\system\Model.php(625): CodeIgniter\BaseModel->insert(Array, true)
#3 C:\xampp\htdocs\prueba\app\Controllers\Empleados.php(195): CodeIgniter\Model->insert(Array)
#4 C:\xampp\htdocs\prueba\system\CodeIgniter.php(832): App\Controllers\Empleados->guardar()
#5 C:\xampp\htdocs\prueba\system\CodeIgniter.php(419): CodeIgniter\CodeIgniter->runController(Object(App\Controllers\Empleados))
#6 C:\xampp\htdocs\prueba\system\CodeIgniter.php(326): CodeIgniter\CodeIgniter->handleRequest(NULL, Object(Config\Cache), false)
#7 C:\xampp\htdocs\prueba\public\index.php(37): CodeIgniter\CodeIgniter->run()
#8 {main}
CRITICAL - 2022-06-06 23:23:00 --> Allowed fields must be specified for model: App\Models\Evaluacion
#0 C:\xampp\htdocs\prueba\system\BaseModel.php(1138): CodeIgniter\Database\Exceptions\DataException::forInvalidAllowedFields('App\\Models\\Eval...')
#1 C:\xampp\htdocs\prueba\system\BaseModel.php(713): CodeIgniter\BaseModel->doProtectFields(Array)
#2 C:\xampp\htdocs\prueba\system\Model.php(625): CodeIgniter\BaseModel->insert(Array, true)
#3 C:\xampp\htdocs\prueba\app\Controllers\Empleados.php(195): CodeIgniter\Model->insert(Array)
#4 C:\xampp\htdocs\prueba\system\CodeIgniter.php(832): App\Controllers\Empleados->guardar()
#5 C:\xampp\htdocs\prueba\system\CodeIgniter.php(419): CodeIgniter\CodeIgniter->runController(Object(App\Controllers\Empleados))
#6 C:\xampp\htdocs\prueba\system\CodeIgniter.php(326): CodeIgniter\CodeIgniter->handleRequest(NULL, Object(Config\Cache), false)
#7 C:\xampp\htdocs\prueba\public\index.php(37): CodeIgniter\CodeIgniter->run()
#8 {main}
CRITICAL - 2022-06-06 23:26:55 --> Allowed fields must be specified for model: App\Models\Evaluacion
#0 C:\xampp\htdocs\prueba\system\BaseModel.php(1138): CodeIgniter\Database\Exceptions\DataException::forInvalidAllowedFields('App\\Models\\Eval...')
#1 C:\xampp\htdocs\prueba\system\BaseModel.php(713): CodeIgniter\BaseModel->doProtectFields(Array)
#2 C:\xampp\htdocs\prueba\system\Model.php(625): CodeIgniter\BaseModel->insert(Array, true)
#3 C:\xampp\htdocs\prueba\app\Controllers\Empleados.php(195): CodeIgniter\Model->insert(Array)
#4 C:\xampp\htdocs\prueba\system\CodeIgniter.php(832): App\Controllers\Empleados->guardar()
#5 C:\xampp\htdocs\prueba\system\CodeIgniter.php(419): CodeIgniter\CodeIgniter->runController(Object(App\Controllers\Empleados))
#6 C:\xampp\htdocs\prueba\system\CodeIgniter.php(326): CodeIgniter\CodeIgniter->handleRequest(NULL, Object(Config\Cache), false)
#7 C:\xampp\htdocs\prueba\public\index.php(37): CodeIgniter\CodeIgniter->run()
#8 {main}
CRITICAL - 2022-06-06 23:30:06 --> Allowed fields must be specified for model: App\Models\Evaluacion
#0 C:\xampp\htdocs\prueba\system\BaseModel.php(1138): CodeIgniter\Database\Exceptions\DataException::forInvalidAllowedFields('App\\Models\\Eval...')
#1 C:\xampp\htdocs\prueba\system\BaseModel.php(713): CodeIgniter\BaseModel->doProtectFields(Array)
#2 C:\xampp\htdocs\prueba\system\Model.php(625): CodeIgniter\BaseModel->insert(Array, true)
#3 C:\xampp\htdocs\prueba\app\Controllers\Empleados.php(195): CodeIgniter\Model->insert(Array)
#4 C:\xampp\htdocs\prueba\system\CodeIgniter.php(832): App\Controllers\Empleados->guardar()
#5 C:\xampp\htdocs\prueba\system\CodeIgniter.php(419): CodeIgniter\CodeIgniter->runController(Object(App\Controllers\Empleados))
#6 C:\xampp\htdocs\prueba\system\CodeIgniter.php(326): CodeIgniter\CodeIgniter->handleRequest(NULL, Object(Config\Cache), false)
#7 C:\xampp\htdocs\prueba\public\index.php(37): CodeIgniter\CodeIgniter->run()
#8 {main}
CRITICAL - 2022-06-06 23:34:51 --> Undefined variable $header
#0 C:\xampp\htdocs\prueba\app\Views\page\listar.php(1): CodeIgniter\Debug\Exceptions->errorHandler(2, 'Undefined varia...', 'C:\\xampp\\htdocs...', 1)
#1 C:\xampp\htdocs\prueba\system\View\View.php(210): include('C:\\xampp\\htdocs...')
#2 C:\xampp\htdocs\prueba\system\View\View.php(213): CodeIgniter\View\View->CodeIgniter\View\{closure}()
#3 C:\xampp\htdocs\prueba\system\Common.php(1089): CodeIgniter\View\View->render('page/listar', Array, true)
#4 C:\xampp\htdocs\prueba\app\Controllers\Empleados.php(202): view('page/listar', Array)
#5 C:\xampp\htdocs\prueba\system\CodeIgniter.php(832): App\Controllers\Empleados->guardar()
#6 C:\xampp\htdocs\prueba\system\CodeIgniter.php(419): CodeIgniter\CodeIgniter->runController(Object(App\Controllers\Empleados))
#7 C:\xampp\htdocs\prueba\system\CodeIgniter.php(326): CodeIgniter\CodeIgniter->handleRequest(NULL, Object(Config\Cache), false)
#8 C:\xampp\htdocs\prueba\public\index.php(37): CodeIgniter\CodeIgniter->run()
#9 {main}
CRITICAL - 2022-06-06 23:35:32 --> Undefined variable $idemplead
#0 C:\xampp\htdocs\prueba\app\Views\page\listar.php(49): CodeIgniter\Debug\Exceptions->errorHandler(2, 'Undefined varia...', 'C:\\xampp\\htdocs...', 49)
#1 C:\xampp\htdocs\prueba\system\View\View.php(210): include('C:\\xampp\\htdocs...')
#2 C:\xampp\htdocs\prueba\system\View\View.php(213): CodeIgniter\View\View->CodeIgniter\View\{closure}()
#3 C:\xampp\htdocs\prueba\system\Common.php(1089): CodeIgniter\View\View->render('page/listar', Array, true)
#4 C:\xampp\htdocs\prueba\app\Controllers\Empleados.php(202): view('page/listar', Array)
#5 C:\xampp\htdocs\prueba\system\CodeIgniter.php(832): App\Controllers\Empleados->guardar()
#6 C:\xampp\htdocs\prueba\system\CodeIgniter.php(419): CodeIgniter\CodeIgniter->runController(Object(App\Controllers\Empleados))
#7 C:\xampp\htdocs\prueba\system\CodeIgniter.php(326): CodeIgniter\CodeIgniter->handleRequest(NULL, Object(Config\Cache), false)
#8 C:\xampp\htdocs\prueba\public\index.php(37): CodeIgniter\CodeIgniter->run()
#9 {main}
CRITICAL - 2022-06-06 23:38:38 --> Allowed fields must be specified for model: App\Models\Evaluacion
#0 C:\xampp\htdocs\prueba\system\BaseModel.php(1138): CodeIgniter\Database\Exceptions\DataException::forInvalidAllowedFields('App\\Models\\Eval...')
#1 C:\xampp\htdocs\prueba\system\BaseModel.php(713): CodeIgniter\BaseModel->doProtectFields(Array)
#2 C:\xampp\htdocs\prueba\system\Model.php(625): CodeIgniter\BaseModel->insert(Array, true)
#3 C:\xampp\htdocs\prueba\app\Controllers\Empleados.php(195): CodeIgniter\Model->insert(Array)
#4 C:\xampp\htdocs\prueba\system\CodeIgniter.php(832): App\Controllers\Empleados->guardar()
#5 C:\xampp\htdocs\prueba\system\CodeIgniter.php(419): CodeIgniter\CodeIgniter->runController(Object(App\Controllers\Empleados))
#6 C:\xampp\htdocs\prueba\system\CodeIgniter.php(326): CodeIgniter\CodeIgniter->handleRequest(NULL, Object(Config\Cache), false)
#7 C:\xampp\htdocs\prueba\public\index.php(37): CodeIgniter\CodeIgniter->run()
#8 {main}
CRITICAL - 2022-06-06 23:39:08 --> Undefined variable $idempleado
#0 C:\xampp\htdocs\prueba\app\Views\page\listar.php(49): CodeIgniter\Debug\Exceptions->errorHandler(2, 'Undefined varia...', 'C:\\xampp\\htdocs...', 49)
#1 C:\xampp\htdocs\prueba\system\View\View.php(210): include('C:\\xampp\\htdocs...')
#2 C:\xampp\htdocs\prueba\system\View\View.php(213): CodeIgniter\View\View->CodeIgniter\View\{closure}()
#3 C:\xampp\htdocs\prueba\system\Common.php(1089): CodeIgniter\View\View->render('page/listar', Array, true)
#4 C:\xampp\htdocs\prueba\app\Controllers\Empleados.php(16): view('page/listar', Array)
#5 C:\xampp\htdocs\prueba\system\CodeIgniter.php(832): App\Controllers\Empleados->index()
#6 C:\xampp\htdocs\prueba\system\CodeIgniter.php(419): CodeIgniter\CodeIgniter->runController(Object(App\Controllers\Empleados))
#7 C:\xampp\htdocs\prueba\system\CodeIgniter.php(326): CodeIgniter\CodeIgniter->handleRequest(NULL, Object(Config\Cache), false)
#8 C:\xampp\htdocs\prueba\public\index.php(37): CodeIgniter\CodeIgniter->run()
#9 {main}
CRITICAL - 2022-06-06 23:39:47 --> Undefined variable $idempleado
#0 C:\xampp\htdocs\prueba\app\Views\page\listar.php(49): CodeIgniter\Debug\Exceptions->errorHandler(2, 'Undefined varia...', 'C:\\xampp\\htdocs...', 49)
#1 C:\xampp\htdocs\prueba\system\View\View.php(210): include('C:\\xampp\\htdocs...')
#2 C:\xampp\htdocs\prueba\system\View\View.php(213): CodeIgniter\View\View->CodeIgniter\View\{closure}()
#3 C:\xampp\htdocs\prueba\system\Common.php(1089): CodeIgniter\View\View->render('page/listar', Array, true)
#4 C:\xampp\htdocs\prueba\app\Controllers\Empleados.php(16): view('page/listar', Array)
#5 C:\xampp\htdocs\prueba\system\CodeIgniter.php(832): App\Controllers\Empleados->index()
#6 C:\xampp\htdocs\prueba\system\CodeIgniter.php(419): CodeIgniter\CodeIgniter->runController(Object(App\Controllers\Empleados))
#7 C:\xampp\htdocs\prueba\system\CodeIgniter.php(326): CodeIgniter\CodeIgniter->handleRequest(NULL, Object(Config\Cache), false)
#8 C:\xampp\htdocs\prueba\public\index.php(37): CodeIgniter\CodeIgniter->run()
#9 {main}
CRITICAL - 2022-06-06 23:40:37 --> Undefined variable $idempleado
#0 C:\xampp\htdocs\prueba\app\Views\page\listar.php(49): CodeIgniter\Debug\Exceptions->errorHandler(2, 'Undefined varia...', 'C:\\xampp\\htdocs...', 49)
#1 C:\xampp\htdocs\prueba\system\View\View.php(210): include('C:\\xampp\\htdocs...')
#2 C:\xampp\htdocs\prueba\system\View\View.php(213): CodeIgniter\View\View->CodeIgniter\View\{closure}()
#3 C:\xampp\htdocs\prueba\system\Common.php(1089): CodeIgniter\View\View->render('page/listar', Array, true)
#4 C:\xampp\htdocs\prueba\app\Controllers\Empleados.php(16): view('page/listar', Array)
#5 C:\xampp\htdocs\prueba\system\CodeIgniter.php(832): App\Controllers\Empleados->index()
#6 C:\xampp\htdocs\prueba\system\CodeIgniter.php(419): CodeIgniter\CodeIgniter->runController(Object(App\Controllers\Empleados))
#7 C:\xampp\htdocs\prueba\system\CodeIgniter.php(326): CodeIgniter\CodeIgniter->handleRequest(NULL, Object(Config\Cache), false)
#8 C:\xampp\htdocs\prueba\public\index.php(37): CodeIgniter\CodeIgniter->run()
#9 {main}
CRITICAL - 2022-06-06 23:43:14 --> Undefined variable $idempleado
#0 C:\xampp\htdocs\prueba\app\Views\page\listar.php(49): CodeIgniter\Debug\Exceptions->errorHandler(2, 'Undefined varia...', 'C:\\xampp\\htdocs...', 49)
#1 C:\xampp\htdocs\prueba\system\View\View.php(210): include('C:\\xampp\\htdocs...')
#2 C:\xampp\htdocs\prueba\system\View\View.php(213): CodeIgniter\View\View->CodeIgniter\View\{closure}()
#3 C:\xampp\htdocs\prueba\system\Common.php(1089): CodeIgniter\View\View->render('page/listar', Array, true)
#4 C:\xampp\htdocs\prueba\app\Controllers\Empleados.php(16): view('page/listar', Array)
#5 C:\xampp\htdocs\prueba\system\CodeIgniter.php(832): App\Controllers\Empleados->index()
#6 C:\xampp\htdocs\prueba\system\CodeIgniter.php(419): CodeIgniter\CodeIgniter->runController(Object(App\Controllers\Empleados))
#7 C:\xampp\htdocs\prueba\system\CodeIgniter.php(326): CodeIgniter\CodeIgniter->handleRequest(NULL, Object(Config\Cache), false)
#8 C:\xampp\htdocs\prueba\public\index.php(37): CodeIgniter\CodeIgniter->run()
#9 {main}
CRITICAL - 2022-06-06 23:43:25 --> Undefined variable $idempleado
#0 C:\xampp\htdocs\prueba\app\Views\page\listar.php(49): CodeIgniter\Debug\Exceptions->errorHandler(2, 'Undefined varia...', 'C:\\xampp\\htdocs...', 49)
#1 C:\xampp\htdocs\prueba\system\View\View.php(210): include('C:\\xampp\\htdocs...')
#2 C:\xampp\htdocs\prueba\system\View\View.php(213): CodeIgniter\View\View->CodeIgniter\View\{closure}()
#3 C:\xampp\htdocs\prueba\system\Common.php(1089): CodeIgniter\View\View->render('page/listar', Array, true)
#4 C:\xampp\htdocs\prueba\app\Controllers\Empleados.php(16): view('page/listar', Array)
#5 C:\xampp\htdocs\prueba\system\CodeIgniter.php(832): App\Controllers\Empleados->index()
#6 C:\xampp\htdocs\prueba\system\CodeIgniter.php(419): CodeIgniter\CodeIgniter->runController(Object(App\Controllers\Empleados))
#7 C:\xampp\htdocs\prueba\system\CodeIgniter.php(326): CodeIgniter\CodeIgniter->handleRequest(NULL, Object(Config\Cache), false)
#8 C:\xampp\htdocs\prueba\public\index.php(37): CodeIgniter\CodeIgniter->run()
#9 {main}
CRITICAL - 2022-06-06 23:43:27 --> Undefined variable $idempleado
#0 C:\xampp\htdocs\prueba\app\Views\page\listar.php(49): CodeIgniter\Debug\Exceptions->errorHandler(2, 'Undefined varia...', 'C:\\xampp\\htdocs...', 49)
#1 C:\xampp\htdocs\prueba\system\View\View.php(210): include('C:\\xampp\\htdocs...')
#2 C:\xampp\htdocs\prueba\system\View\View.php(213): CodeIgniter\View\View->CodeIgniter\View\{closure}()
#3 C:\xampp\htdocs\prueba\system\Common.php(1089): CodeIgniter\View\View->render('page/listar', Array, true)
#4 C:\xampp\htdocs\prueba\app\Controllers\Empleados.php(16): view('page/listar', Array)
#5 C:\xampp\htdocs\prueba\system\CodeIgniter.php(832): App\Controllers\Empleados->index()
#6 C:\xampp\htdocs\prueba\system\CodeIgniter.php(419): CodeIgniter\CodeIgniter->runController(Object(App\Controllers\Empleados))
#7 C:\xampp\htdocs\prueba\system\CodeIgniter.php(326): CodeIgniter\CodeIgniter->handleRequest(NULL, Object(Config\Cache), false)
#8 C:\xampp\htdocs\prueba\public\index.php(37): CodeIgniter\CodeIgniter->run()
#9 {main}
CRITICAL - 2022-06-06 23:43:30 --> Undefined variable $idempleado
#0 C:\xampp\htdocs\prueba\app\Views\page\listar.php(49): CodeIgniter\Debug\Exceptions->errorHandler(2, 'Undefined varia...', 'C:\\xampp\\htdocs...', 49)
#1 C:\xampp\htdocs\prueba\system\View\View.php(210): include('C:\\xampp\\htdocs...')
#2 C:\xampp\htdocs\prueba\system\View\View.php(213): CodeIgniter\View\View->CodeIgniter\View\{closure}()
#3 C:\xampp\htdocs\prueba\system\Common.php(1089): CodeIgniter\View\View->render('page/listar', Array, true)
#4 C:\xampp\htdocs\prueba\app\Controllers\Empleados.php(16): view('page/listar', Array)
#5 C:\xampp\htdocs\prueba\system\CodeIgniter.php(832): App\Controllers\Empleados->index()
#6 C:\xampp\htdocs\prueba\system\CodeIgniter.php(419): CodeIgniter\CodeIgniter->runController(Object(App\Controllers\Empleados))
#7 C:\xampp\htdocs\prueba\system\CodeIgniter.php(326): CodeIgniter\CodeIgniter->handleRequest(NULL, Object(Config\Cache), false)
#8 C:\xampp\htdocs\prueba\public\index.php(37): CodeIgniter\CodeIgniter->run()
#9 {main}
CRITICAL - 2022-06-06 23:43:31 --> Undefined variable $idempleado
#0 C:\xampp\htdocs\prueba\app\Views\page\listar.php(49): CodeIgniter\Debug\Exceptions->errorHandler(2, 'Undefined varia...', 'C:\\xampp\\htdocs...', 49)
#1 C:\xampp\htdocs\prueba\system\View\View.php(210): include('C:\\xampp\\htdocs...')
#2 C:\xampp\htdocs\prueba\system\View\View.php(213): CodeIgniter\View\View->CodeIgniter\View\{closure}()
#3 C:\xampp\htdocs\prueba\system\Common.php(1089): CodeIgniter\View\View->render('page/listar', Array, true)
#4 C:\xampp\htdocs\prueba\app\Controllers\Empleados.php(16): view('page/listar', Array)
#5 C:\xampp\htdocs\prueba\system\CodeIgniter.php(832): App\Controllers\Empleados->index()
#6 C:\xampp\htdocs\prueba\system\CodeIgniter.php(419): CodeIgniter\CodeIgniter->runController(Object(App\Controllers\Empleados))
#7 C:\xampp\htdocs\prueba\system\CodeIgniter.php(326): CodeIgniter\CodeIgniter->handleRequest(NULL, Object(Config\Cache), false)
#8 C:\xampp\htdocs\prueba\public\index.php(37): CodeIgniter\CodeIgniter->run()
#9 {main}
CRITICAL - 2022-06-06 23:43:31 --> Undefined variable $idempleado
#0 C:\xampp\htdocs\prueba\app\Views\page\listar.php(49): CodeIgniter\Debug\Exceptions->errorHandler(2, 'Undefined varia...', 'C:\\xampp\\htdocs...', 49)
#1 C:\xampp\htdocs\prueba\system\View\View.php(210): include('C:\\xampp\\htdocs...')
#2 C:\xampp\htdocs\prueba\system\View\View.php(213): CodeIgniter\View\View->CodeIgniter\View\{closure}()
#3 C:\xampp\htdocs\prueba\system\Common.php(1089): CodeIgniter\View\View->render('page/listar', Array, true)
#4 C:\xampp\htdocs\prueba\app\Controllers\Empleados.php(16): view('page/listar', Array)
#5 C:\xampp\htdocs\prueba\system\CodeIgniter.php(832): App\Controllers\Empleados->index()
#6 C:\xampp\htdocs\prueba\system\CodeIgniter.php(419): CodeIgniter\CodeIgniter->runController(Object(App\Controllers\Empleados))
#7 C:\xampp\htdocs\prueba\system\CodeIgniter.php(326): CodeIgniter\CodeIgniter->handleRequest(NULL, Object(Config\Cache), false)
#8 C:\xampp\htdocs\prueba\public\index.php(37): CodeIgniter\CodeIgniter->run()
#9 {main}
CRITICAL - 2022-06-06 23:43:31 --> Undefined variable $idempleado
#0 C:\xampp\htdocs\prueba\app\Views\page\listar.php(49): CodeIgniter\Debug\Exceptions->errorHandler(2, 'Undefined varia...', 'C:\\xampp\\htdocs...', 49)
#1 C:\xampp\htdocs\prueba\system\View\View.php(210): include('C:\\xampp\\htdocs...')
#2 C:\xampp\htdocs\prueba\system\View\View.php(213): CodeIgniter\View\View->CodeIgniter\View\{closure}()
#3 C:\xampp\htdocs\prueba\system\Common.php(1089): CodeIgniter\View\View->render('page/listar', Array, true)
#4 C:\xampp\htdocs\prueba\app\Controllers\Empleados.php(16): view('page/listar', Array)
#5 C:\xampp\htdocs\prueba\system\CodeIgniter.php(832): App\Controllers\Empleados->index()
#6 C:\xampp\htdocs\prueba\system\CodeIgniter.php(419): CodeIgniter\CodeIgniter->runController(Object(App\Controllers\Empleados))
#7 C:\xampp\htdocs\prueba\system\CodeIgniter.php(326): CodeIgniter\CodeIgniter->handleRequest(NULL, Object(Config\Cache), false)
#8 C:\xampp\htdocs\prueba\public\index.php(37): CodeIgniter\CodeIgniter->run()
#9 {main}
CRITICAL - 2022-06-06 23:43:32 --> Undefined variable $idempleado
#0 C:\xampp\htdocs\prueba\app\Views\page\listar.php(49): CodeIgniter\Debug\Exceptions->errorHandler(2, 'Undefined varia...', 'C:\\xampp\\htdocs...', 49)
#1 C:\xampp\htdocs\prueba\system\View\View.php(210): include('C:\\xampp\\htdocs...')
#2 C:\xampp\htdocs\prueba\system\View\View.php(213): CodeIgniter\View\View->CodeIgniter\View\{closure}()
#3 C:\xampp\htdocs\prueba\system\Common.php(1089): CodeIgniter\View\View->render('page/listar', Array, true)
#4 C:\xampp\htdocs\prueba\app\Controllers\Empleados.php(16): view('page/listar', Array)
#5 C:\xampp\htdocs\prueba\system\CodeIgniter.php(832): App\Controllers\Empleados->index()
#6 C:\xampp\htdocs\prueba\system\CodeIgniter.php(419): CodeIgniter\CodeIgniter->runController(Object(App\Controllers\Empleados))
#7 C:\xampp\htdocs\prueba\system\CodeIgniter.php(326): CodeIgniter\CodeIgniter->handleRequest(NULL, Object(Config\Cache), false)
#8 C:\xampp\htdocs\prueba\public\index.php(37): CodeIgniter\CodeIgniter->run()
#9 {main}
CRITICAL - 2022-06-06 23:50:38 --> Allowed fields must be specified for model: App\Models\Evaluacion
#0 C:\xampp\htdocs\prueba\system\BaseModel.php(1138): CodeIgniter\Database\Exceptions\DataException::forInvalidAllowedFields('App\\Models\\Eval...')
#1 C:\xampp\htdocs\prueba\system\BaseModel.php(713): CodeIgniter\BaseModel->doProtectFields(Array)
#2 C:\xampp\htdocs\prueba\system\Model.php(625): CodeIgniter\BaseModel->insert(Array, true)
#3 C:\xampp\htdocs\prueba\app\Controllers\Empleados.php(195): CodeIgniter\Model->insert(Array)
#4 C:\xampp\htdocs\prueba\system\CodeIgniter.php(832): App\Controllers\Empleados->guardar()
#5 C:\xampp\htdocs\prueba\system\CodeIgniter.php(419): CodeIgniter\CodeIgniter->runController(Object(App\Controllers\Empleados))
#6 C:\xampp\htdocs\prueba\system\CodeIgniter.php(326): CodeIgniter\CodeIgniter->handleRequest(NULL, Object(Config\Cache), false)
#7 C:\xampp\htdocs\prueba\public\index.php(37): CodeIgniter\CodeIgniter->run()
#8 {main}
CRITICAL - 2022-06-06 23:51:18 --> Allowed fields must be specified for model: App\Models\Evaluacion
#0 C:\xampp\htdocs\prueba\system\BaseModel.php(1138): CodeIgniter\Database\Exceptions\DataException::forInvalidAllowedFields('App\\Models\\Eval...')
#1 C:\xampp\htdocs\prueba\system\BaseModel.php(713): CodeIgniter\BaseModel->doProtectFields(Array)
#2 C:\xampp\htdocs\prueba\system\Model.php(625): CodeIgniter\BaseModel->insert(Array, true)
#3 C:\xampp\htdocs\prueba\app\Controllers\Empleados.php(195): CodeIgniter\Model->insert(Array)
#4 C:\xampp\htdocs\prueba\system\CodeIgniter.php(832): App\Controllers\Empleados->guardar()
#5 C:\xampp\htdocs\prueba\system\CodeIgniter.php(419): CodeIgniter\CodeIgniter->runController(Object(App\Controllers\Empleados))
#6 C:\xampp\htdocs\prueba\system\CodeIgniter.php(326): CodeIgniter\CodeIgniter->handleRequest(NULL, Object(Config\Cache), false)
#7 C:\xampp\htdocs\prueba\public\index.php(37): CodeIgniter\CodeIgniter->run()
#8 {main}
CRITICAL - 2022-06-06 23:56:01 --> Allowed fields must be specified for model: App\Models\Evaluacion
#0 C:\xampp\htdocs\prueba\system\BaseModel.php(1138): CodeIgniter\Database\Exceptions\DataException::forInvalidAllowedFields('App\\Models\\Eval...')
#1 C:\xampp\htdocs\prueba\system\BaseModel.php(713): CodeIgniter\BaseModel->doProtectFields(Array)
#2 C:\xampp\htdocs\prueba\system\Model.php(625): CodeIgniter\BaseModel->insert(Array, true)
#3 C:\xampp\htdocs\prueba\app\Controllers\Empleados.php(195): CodeIgniter\Model->insert(Array)
#4 C:\xampp\htdocs\prueba\system\CodeIgniter.php(832): App\Controllers\Empleados->guardar()
#5 C:\xampp\htdocs\prueba\system\CodeIgniter.php(419): CodeIgniter\CodeIgniter->runController(Object(App\Controllers\Empleados))
#6 C:\xampp\htdocs\prueba\system\CodeIgniter.php(326): CodeIgniter\CodeIgniter->handleRequest(NULL, Object(Config\Cache), false)
#7 C:\xampp\htdocs\prueba\public\index.php(37): CodeIgniter\CodeIgniter->run()
#8 {main}
CRITICAL - 2022-06-06 23:56:38 --> Allowed fields must be specified for model: App\Models\Evaluacion
#0 C:\xampp\htdocs\prueba\system\BaseModel.php(1138): CodeIgniter\Database\Exceptions\DataException::forInvalidAllowedFields('App\\Models\\Eval...')
#1 C:\xampp\htdocs\prueba\system\BaseModel.php(713): CodeIgniter\BaseModel->doProtectFields(Array)
#2 C:\xampp\htdocs\prueba\system\Model.php(625): CodeIgniter\BaseModel->insert(Array, true)
#3 C:\xampp\htdocs\prueba\app\Controllers\Empleados.php(195): CodeIgniter\Model->insert(Array)
#4 C:\xampp\htdocs\prueba\system\CodeIgniter.php(832): App\Controllers\Empleados->guardar()
#5 C:\xampp\htdocs\prueba\system\CodeIgniter.php(419): CodeIgniter\CodeIgniter->runController(Object(App\Controllers\Empleados))
#6 C:\xampp\htdocs\prueba\system\CodeIgniter.php(326): CodeIgniter\CodeIgniter->handleRequest(NULL, Object(Config\Cache), false)
#7 C:\xampp\htdocs\prueba\public\index.php(37): CodeIgniter\CodeIgniter->run()
#8 {main}
