ERROR - 2022-06-05 01:15:26 --> Table 'prueba.empleado' doesn't exist
CRITICAL - 2022-06-05 01:15:26 --> Call to a member function getResult() on bool
#0 C:\xampp\htdocs\prueba\system\BaseModel.php(584): CodeIgniter\Model->doFindAll(0, 0)
#1 C:\xampp\htdocs\prueba\app\Controllers\Empleados.php(20): CodeIgniter\BaseModel->findAll()
#2 C:\xampp\htdocs\prueba\system\CodeIgniter.php(832): App\Controllers\Empleados->nuevo()
#3 C:\xampp\htdocs\prueba\system\CodeIgniter.php(419): CodeIgniter\CodeIgniter->runController(Object(App\Controllers\Empleados))
#4 C:\xampp\htdocs\prueba\system\CodeIgniter.php(326): CodeIgniter\CodeIgniter->handleRequest(NULL, Object(Config\Cache), false)
#5 C:\xampp\htdocs\prueba\public\index.php(37): CodeIgniter\CodeIgniter->run()
#6 {main}
ERROR - 2022-06-05 01:17:51 --> Table 'prueba.empleado' doesn't exist
CRITICAL - 2022-06-05 01:17:51 --> Call to a member function getResult() on bool
#0 C:\xampp\htdocs\prueba\system\BaseModel.php(584): CodeIgniter\Model->doFindAll(0, 0)
#1 C:\xampp\htdocs\prueba\app\Controllers\Empleados.php(20): CodeIgniter\BaseModel->findAll()
#2 C:\xampp\htdocs\prueba\system\CodeIgniter.php(832): App\Controllers\Empleados->nuevo()
#3 C:\xampp\htdocs\prueba\system\CodeIgniter.php(419): CodeIgniter\CodeIgniter->runController(Object(App\Controllers\Empleados))
#4 C:\xampp\htdocs\prueba\system\CodeIgniter.php(326): CodeIgniter\CodeIgniter->handleRequest(NULL, Object(Config\Cache), false)
#5 C:\xampp\htdocs\prueba\public\index.php(37): CodeIgniter\CodeIgniter->run()
#6 {main}
ERROR - 2022-06-05 01:17:52 --> Table 'prueba.empleado' doesn't exist
CRITICAL - 2022-06-05 01:17:52 --> Call to a member function getResult() on bool
#0 C:\xampp\htdocs\prueba\system\BaseModel.php(584): CodeIgniter\Model->doFindAll(0, 0)
#1 C:\xampp\htdocs\prueba\app\Controllers\Empleados.php(20): CodeIgniter\BaseModel->findAll()
#2 C:\xampp\htdocs\prueba\system\CodeIgniter.php(832): App\Controllers\Empleados->nuevo()
#3 C:\xampp\htdocs\prueba\system\CodeIgniter.php(419): CodeIgniter\CodeIgniter->runController(Object(App\Controllers\Empleados))
#4 C:\xampp\htdocs\prueba\system\CodeIgniter.php(326): CodeIgniter\CodeIgniter->handleRequest(NULL, Object(Config\Cache), false)
#5 C:\xampp\htdocs\prueba\public\index.php(37): CodeIgniter\CodeIgniter->run()
#6 {main}
ERROR - 2022-06-05 01:17:52 --> Table 'prueba.empleado' doesn't exist
CRITICAL - 2022-06-05 01:17:52 --> Call to a member function getResult() on bool
#0 C:\xampp\htdocs\prueba\system\BaseModel.php(584): CodeIgniter\Model->doFindAll(0, 0)
#1 C:\xampp\htdocs\prueba\app\Controllers\Empleados.php(20): CodeIgniter\BaseModel->findAll()
#2 C:\xampp\htdocs\prueba\system\CodeIgniter.php(832): App\Controllers\Empleados->nuevo()
#3 C:\xampp\htdocs\prueba\system\CodeIgniter.php(419): CodeIgniter\CodeIgniter->runController(Object(App\Controllers\Empleados))
#4 C:\xampp\htdocs\prueba\system\CodeIgniter.php(326): CodeIgniter\CodeIgniter->handleRequest(NULL, Object(Config\Cache), false)
#5 C:\xampp\htdocs\prueba\public\index.php(37): CodeIgniter\CodeIgniter->run()
#6 {main}
ERROR - 2022-06-05 01:17:52 --> Table 'prueba.empleado' doesn't exist
CRITICAL - 2022-06-05 01:17:52 --> Call to a member function getResult() on bool
#0 C:\xampp\htdocs\prueba\system\BaseModel.php(584): CodeIgniter\Model->doFindAll(0, 0)
#1 C:\xampp\htdocs\prueba\app\Controllers\Empleados.php(20): CodeIgniter\BaseModel->findAll()
#2 C:\xampp\htdocs\prueba\system\CodeIgniter.php(832): App\Controllers\Empleados->nuevo()
#3 C:\xampp\htdocs\prueba\system\CodeIgniter.php(419): CodeIgniter\CodeIgniter->runController(Object(App\Controllers\Empleados))
#4 C:\xampp\htdocs\prueba\system\CodeIgniter.php(326): CodeIgniter\CodeIgniter->handleRequest(NULL, Object(Config\Cache), false)
#5 C:\xampp\htdocs\prueba\public\index.php(37): CodeIgniter\CodeIgniter->run()
#6 {main}
ERROR - 2022-06-05 01:17:53 --> Table 'prueba.empleado' doesn't exist
CRITICAL - 2022-06-05 01:17:53 --> Call to a member function getResult() on bool
#0 C:\xampp\htdocs\prueba\system\BaseModel.php(584): CodeIgniter\Model->doFindAll(0, 0)
#1 C:\xampp\htdocs\prueba\app\Controllers\Empleados.php(20): CodeIgniter\BaseModel->findAll()
#2 C:\xampp\htdocs\prueba\system\CodeIgniter.php(832): App\Controllers\Empleados->nuevo()
#3 C:\xampp\htdocs\prueba\system\CodeIgniter.php(419): CodeIgniter\CodeIgniter->runController(Object(App\Controllers\Empleados))
#4 C:\xampp\htdocs\prueba\system\CodeIgniter.php(326): CodeIgniter\CodeIgniter->handleRequest(NULL, Object(Config\Cache), false)
#5 C:\xampp\htdocs\prueba\public\index.php(37): CodeIgniter\CodeIgniter->run()
#6 {main}
ERROR - 2022-06-05 01:17:53 --> Table 'prueba.empleado' doesn't exist
CRITICAL - 2022-06-05 01:17:53 --> Call to a member function getResult() on bool
#0 C:\xampp\htdocs\prueba\system\BaseModel.php(584): CodeIgniter\Model->doFindAll(0, 0)
#1 C:\xampp\htdocs\prueba\app\Controllers\Empleados.php(20): CodeIgniter\BaseModel->findAll()
#2 C:\xampp\htdocs\prueba\system\CodeIgniter.php(832): App\Controllers\Empleados->nuevo()
#3 C:\xampp\htdocs\prueba\system\CodeIgniter.php(419): CodeIgniter\CodeIgniter->runController(Object(App\Controllers\Empleados))
#4 C:\xampp\htdocs\prueba\system\CodeIgniter.php(326): CodeIgniter\CodeIgniter->handleRequest(NULL, Object(Config\Cache), false)
#5 C:\xampp\htdocs\prueba\public\index.php(37): CodeIgniter\CodeIgniter->run()
#6 {main}
ERROR - 2022-06-05 01:17:53 --> Table 'prueba.empleado' doesn't exist
CRITICAL - 2022-06-05 01:17:53 --> Call to a member function getResult() on bool
#0 C:\xampp\htdocs\prueba\system\BaseModel.php(584): CodeIgniter\Model->doFindAll(0, 0)
#1 C:\xampp\htdocs\prueba\app\Controllers\Empleados.php(20): CodeIgniter\BaseModel->findAll()
#2 C:\xampp\htdocs\prueba\system\CodeIgniter.php(832): App\Controllers\Empleados->nuevo()
#3 C:\xampp\htdocs\prueba\system\CodeIgniter.php(419): CodeIgniter\CodeIgniter->runController(Object(App\Controllers\Empleados))
#4 C:\xampp\htdocs\prueba\system\CodeIgniter.php(326): CodeIgniter\CodeIgniter->handleRequest(NULL, Object(Config\Cache), false)
#5 C:\xampp\htdocs\prueba\public\index.php(37): CodeIgniter\CodeIgniter->run()
#6 {main}
CRITICAL - 2022-06-05 02:29:49 --> Invalid file: page/presentacionPesonal.php
#0 C:\xampp\htdocs\prueba\system\View\View.php(198): CodeIgniter\Exceptions\FrameworkException::forInvalidFile('page/presentaci...')
#1 C:\xampp\htdocs\prueba\system\Common.php(1089): CodeIgniter\View\View->render('page/presentaci...', Array, true)
#2 C:\xampp\htdocs\prueba\app\Controllers\Empleados.php(30): view('page/presentaci...', Array)
#3 C:\xampp\htdocs\prueba\system\CodeIgniter.php(832): App\Controllers\Empleados->presentacionPersonal()
#4 C:\xampp\htdocs\prueba\system\CodeIgniter.php(419): CodeIgniter\CodeIgniter->runController(Object(App\Controllers\Empleados))
#5 C:\xampp\htdocs\prueba\system\CodeIgniter.php(326): CodeIgniter\CodeIgniter->handleRequest(NULL, Object(Config\Cache), false)
#6 C:\xampp\htdocs\prueba\public\index.php(37): CodeIgniter\CodeIgniter->run()
#7 {main}
CRITICAL - 2022-06-05 02:30:43 --> Invalid file: page/presentacionPesonal.php
#0 C:\xampp\htdocs\prueba\system\View\View.php(198): CodeIgniter\Exceptions\FrameworkException::forInvalidFile('page/presentaci...')
#1 C:\xampp\htdocs\prueba\system\Common.php(1089): CodeIgniter\View\View->render('page/presentaci...', Array, true)
#2 C:\xampp\htdocs\prueba\app\Controllers\Empleados.php(30): view('page/presentaci...', Array)
#3 C:\xampp\htdocs\prueba\system\CodeIgniter.php(832): App\Controllers\Empleados->PresentacionPersonal()
#4 C:\xampp\htdocs\prueba\system\CodeIgniter.php(419): CodeIgniter\CodeIgniter->runController(Object(App\Controllers\Empleados))
#5 C:\xampp\htdocs\prueba\system\CodeIgniter.php(326): CodeIgniter\CodeIgniter->handleRequest(NULL, Object(Config\Cache), false)
#6 C:\xampp\htdocs\prueba\public\index.php(37): CodeIgniter\CodeIgniter->run()
#7 {main}
CRITICAL - 2022-06-05 02:30:43 --> Invalid file: page/presentacionPesonal.php
#0 C:\xampp\htdocs\prueba\system\View\View.php(198): CodeIgniter\Exceptions\FrameworkException::forInvalidFile('page/presentaci...')
#1 C:\xampp\htdocs\prueba\system\Common.php(1089): CodeIgniter\View\View->render('page/presentaci...', Array, true)
#2 C:\xampp\htdocs\prueba\app\Controllers\Empleados.php(30): view('page/presentaci...', Array)
#3 C:\xampp\htdocs\prueba\system\CodeIgniter.php(832): App\Controllers\Empleados->PresentacionPersonal()
#4 C:\xampp\htdocs\prueba\system\CodeIgniter.php(419): CodeIgniter\CodeIgniter->runController(Object(App\Controllers\Empleados))
#5 C:\xampp\htdocs\prueba\system\CodeIgniter.php(326): CodeIgniter\CodeIgniter->handleRequest(NULL, Object(Config\Cache), false)
#6 C:\xampp\htdocs\prueba\public\index.php(37): CodeIgniter\CodeIgniter->run()
#7 {main}
CRITICAL - 2022-06-05 02:30:44 --> Invalid file: page/presentacionPesonal.php
#0 C:\xampp\htdocs\prueba\system\View\View.php(198): CodeIgniter\Exceptions\FrameworkException::forInvalidFile('page/presentaci...')
#1 C:\xampp\htdocs\prueba\system\Common.php(1089): CodeIgniter\View\View->render('page/presentaci...', Array, true)
#2 C:\xampp\htdocs\prueba\app\Controllers\Empleados.php(30): view('page/presentaci...', Array)
#3 C:\xampp\htdocs\prueba\system\CodeIgniter.php(832): App\Controllers\Empleados->PresentacionPersonal()
#4 C:\xampp\htdocs\prueba\system\CodeIgniter.php(419): CodeIgniter\CodeIgniter->runController(Object(App\Controllers\Empleados))
#5 C:\xampp\htdocs\prueba\system\CodeIgniter.php(326): CodeIgniter\CodeIgniter->handleRequest(NULL, Object(Config\Cache), false)
#6 C:\xampp\htdocs\prueba\public\index.php(37): CodeIgniter\CodeIgniter->run()
#7 {main}
CRITICAL - 2022-06-05 02:30:44 --> Invalid file: page/presentacionPesonal.php
#0 C:\xampp\htdocs\prueba\system\View\View.php(198): CodeIgniter\Exceptions\FrameworkException::forInvalidFile('page/presentaci...')
#1 C:\xampp\htdocs\prueba\system\Common.php(1089): CodeIgniter\View\View->render('page/presentaci...', Array, true)
#2 C:\xampp\htdocs\prueba\app\Controllers\Empleados.php(30): view('page/presentaci...', Array)
#3 C:\xampp\htdocs\prueba\system\CodeIgniter.php(832): App\Controllers\Empleados->PresentacionPersonal()
#4 C:\xampp\htdocs\prueba\system\CodeIgniter.php(419): CodeIgniter\CodeIgniter->runController(Object(App\Controllers\Empleados))
#5 C:\xampp\htdocs\prueba\system\CodeIgniter.php(326): CodeIgniter\CodeIgniter->handleRequest(NULL, Object(Config\Cache), false)
#6 C:\xampp\htdocs\prueba\public\index.php(37): CodeIgniter\CodeIgniter->run()
#7 {main}
